Arguments: 
  /usr/bin/node /usr/share/node_modules/yarn/bin/yarn.js

PATH: 
  /root/.vscode-server/bin/e4503b30fc78200f846c62cf8091b76ff5547662/bin/remote-cli:/usr/local/bundle/bin:/usr/local/sbin:/usr/local/bin:/usr/sbin:/usr/bin:/sbin:/bin

Yarn version: 
  1.22.19

Node version: 
  16.16.0

Platform: 
  linux x64

Trace: 
  SyntaxError: /var/app/package.json: Unexpected token / in JSON at position 29
      at JSON.parse (<anonymous>)
      at /usr/share/node_modules/yarn/lib/cli.js:1629:59
      at Generator.next (<anonymous>)
      at step (/usr/share/node_modules/yarn/lib/cli.js:310:30)
      at /usr/share/node_modules/yarn/lib/cli.js:321:13

npm manifest: 
  {
    "devDependencies": {
      // "@prettier/plugin-ruby": "^3.2.0",
      // "prettier": "^2.7.1"
    }
  }

yarn manifest: 
  No manifest

Lockfile: 
  # THIS IS AN AUTOGENERATED FILE. DO NOT EDIT THIS FILE DIRECTLY.
  # yarn lockfile v1
  
  
  "@prettier/plugin-ruby@^3.2.0":
    version "3.2.0"
    resolved "https://registry.yarnpkg.com/@prettier/plugin-ruby/-/plugin-ruby-3.2.0.tgz#7301d2bcbb062638c839351fd5311e2bbd8fd740"
    integrity sha512-hCE4OVohe79FBAy0s9QLq8PmUc9cD4NbQtm2NHPWbSMq3mwHCRaxA+KYDRhHvG4AQIcf4YeQM8oRuTNyvLA41w==
    dependencies:
      prettier ">=2.3.0"
  
  prettier@>=2.3.0, prettier@^2.7.1:
    version "2.7.1"
    resolved "https://registry.yarnpkg.com/prettier/-/prettier-2.7.1.tgz#e235806850d057f97bb08368a4f7d899f7760c64"
    integrity sha512-ujppO+MkdPqoVINuDFDRLClm7D78qbDt0/NR+wp5FqEZOoTNAjPHWj17QRhu7geIHJfcNhRk1XVQmF8Bp3ye+g==
